<?xml version="1.0" encoding="UTF-8"?>
<!-- Generated by org.testng.reporters.JUnitReportReporter -->
<testsuite hostname="DESKTOP-H9AB4PT" failures="0" tests="4" name="TestNG.AnnotaionExecution" time="0.020" errors="0" timestamp="2023-09-18T23:13:03 IST" skipped="0">
  <testcase classname="TestNG.AnnotaionExecution" name="zdemo" time="0.002"/>
  <system-out/>
  <testcase classname="TestNG.AnnotaionExecution" name="excecute" time="0.011"/>
  <system-out/>
  <testcase classname="TestNG.AnnotaionExecution" name="zdemo" time="0.004"/>
  <system-out/>
  <testcase classname="TestNG.AnnotaionExecution" name="zdemo" time="0.003"/>
  <system-out/>
</testsuite> <!-- TestNG.AnnotaionExecution -->
