<?xml version="1.0" encoding="UTF-8"?>
<!-- Generated by org.testng.reporters.JUnitReportReporter -->
<testsuite hostname="DESKTOP-H9AB4PT" failures="0" tests="1" name="TestNG.SoftAssert" time="5.681" errors="0" timestamp="2023-09-20T12:50:50 IST" skipped="0">
  <testcase classname="TestNG.SoftAssert" name="softAssert" time="5.681"/>
  <system-out/>
</testsuite> <!-- TestNG.SoftAssert -->
