<?xml version="1.0" encoding="UTF-8"?>
<!-- Generated by org.testng.reporters.JUnitReportReporter -->
<testsuite hostname="DESKTOP-H9AB4PT" failures="0" tests="2" name="TestNG.PracticeTest" time="0.010" errors="0" timestamp="2023-09-15T12:23:59 IST" skipped="0">
  <testcase classname="TestNG.PracticeTest" name="deleteTest" time="0.009"/>
  <system-out/>
  <testcase classname="TestNG.PracticeTest" name="editTest" time="0.001"/>
  <system-out/>
</testsuite> <!-- TestNG.PracticeTest -->
