<?xml version="1.0" encoding="UTF-8"?>
<!-- Generated by org.testng.reporters.JUnitReportReporter -->
<testsuite hostname="DESKTOP-H9AB4PT" failures="0" tests="2" name="TestNG.Simple1Test" time="5.260" errors="0" timestamp="2023-09-20T09:41:12 IST" skipped="0">
  <testcase classname="TestNG.Simple1Test" name="simple1" time="2.651"/>
  <system-out/>
  <testcase classname="TestNG.Simple1Test" name="simple1" time="2.609"/>
  <system-out/>
</testsuite> <!-- TestNG.Simple1Test -->
