<?xml version="1.0" encoding="UTF-8"?>
<!-- Generated by org.testng.reporters.JUnitReportReporter -->
<testsuite hostname="DESKTOP-H9AB4PT" failures="0" tests="1" name="com.AdminModule.ManageOrderByAdmin_TestNG" time="5.230" errors="0" timestamp="2023-09-21T13:48:58 IST" skipped="0">
  <testcase classname="com.AdminModule.ManageOrderByAdmin_TestNG" name="manageOrder" time="5.230"/>
  <system-out>
    <![CDATA[manageOrder-----> Execution starts
manageOrder----Testscript executed successfully]]>
  </system-out>
</testsuite> <!-- com.AdminModule.ManageOrderByAdmin_TestNG -->
