<?xml version="1.0" encoding="UTF-8"?>
<!-- Generated by org.testng.reporters.JUnitReportReporter -->
<testsuite hostname="DESKTOP-H9AB4PT" failures="0" tests="1" name="com.AdminModule.CreateCategoryByAdminTestNG" time="7.188" errors="0" timestamp="2023-09-21T12:13:14 IST" skipped="0">
  <testcase classname="com.AdminModule.CreateCategoryByAdminTestNG" name="createCategory" time="7.188"/>
  <system-out/>
</testsuite> <!-- com.AdminModule.CreateCategoryByAdminTestNG -->
