<?xml version="1.0" encoding="UTF-8"?>
<!-- Generated by org.testng.reporters.JUnitReportReporter -->
<testsuite hostname="DESKTOP-H9AB4PT" failures="0" tests="3" name="TestNG.DataProviderExcel2" time="0.010" errors="0" timestamp="2023-09-15T15:33:45 IST" skipped="0">
  <testcase classname="TestNG.DataProviderExcel2" name="dPExcel" time="0.007"/>
  <system-out/>
  <testcase classname="TestNG.DataProviderExcel2" name="dPExcel" time="0.002"/>
  <system-out/>
  <testcase classname="TestNG.DataProviderExcel2" name="dPExcel" time="0.001"/>
  <system-out/>
</testsuite> <!-- TestNG.DataProviderExcel2 -->
