<?xml version="1.0" encoding="UTF-8"?>
<!-- Generated by org.testng.reporters.JUnitReportReporter -->
<testsuite hostname="DESKTOP-H9AB4PT" failures="0" tests="2" name="TestNG.Demo1" time="5.366" errors="0" timestamp="2023-09-20T09:41:12 IST" skipped="0">
  <testcase classname="TestNG.Demo1" name="demo1" time="2.758"/>
  <system-out/>
  <testcase classname="TestNG.Demo1" name="demo1" time="2.608"/>
  <system-out/>
</testsuite> <!-- TestNG.Demo1 -->
